#-----------------------------------------------------------
# Vivado v2017.2 (64-bit)
# SW Build 1909853 on Thu Jun 15 18:39:09 MDT 2017
# IP Build 1909766 on Thu Jun 15 19:58:00 MDT 2017
# Start of session at: Mon Oct 22 12:02:52 2018
# Process ID: 12908
# Current directory: C:/Xilinx/Vivado/MyProjects/PMOD_WIFI_SERVER
# Command line: vivado.exe -gui_launcher_event rodinguilauncherevent13512 C:\Xilinx\Vivado\MyProjects\PMOD_WIFI_SERVER\PMOD_WIFI.xpr
# Log file: C:/Xilinx/Vivado/MyProjects/PMOD_WIFI_SERVER/vivado.log
# Journal file: C:/Xilinx/Vivado/MyProjects/PMOD_WIFI_SERVER\vivado.jou
#-----------------------------------------------------------
start_gui
open_project C:/Xilinx/Vivado/MyProjects/PMOD_WIFI_SERVER/PMOD_WIFI.xpr
Scanning sources...
Finished scanning sources
INFO: [IP_Flow 19-234] Refreshing IP repositories
INFO: [IP_Flow 19-1700] Loaded user IP repository 'c:/Xilinx/Vivado/MyProjects/myIps'.
INFO: [IP_Flow 19-1700] Loaded user IP repository 'c:/Xilinx/Vivado/vivado-library-master'.
INFO: [IP_Flow 19-2313] Loaded Vivado IP repository 'C:/Xilinx/Vivado/2017.2/data/ip'.
WARNING: [IP_Flow 19-3664] IP 'design_1_axi_emc_0_0' generated file not found 'c:/Xilinx/Vivado/MyProjects/PMOD_WIFI_SERVER/PMOD_WIFI.srcs/sources_1/bd/design_1/ip/design_1_axi_emc_0_0/stats.txt'. Please regenerate to continue.
WARNING: [IP_Flow 19-3664] IP 'design_1_clk_wiz_0_0' generated file not found 'c:/Xilinx/Vivado/MyProjects/PMOD_WIFI_SERVER/PMOD_WIFI.srcs/sources_1/bd/design_1/ip/design_1_clk_wiz_0_0/stats.txt'. Please regenerate to continue.
WARNING: [IP_Flow 19-3664] IP 'design_1_axi_uartlite_0_0' generated file not found 'c:/Xilinx/Vivado/MyProjects/PMOD_WIFI_SERVER/PMOD_WIFI.srcs/sources_1/bd/design_1/ip/design_1_axi_uartlite_0_0/stats.txt'. Please regenerate to continue.
WARNING: [IP_Flow 19-3664] IP 'design_1_microblaze_0_0' generated file not found 'c:/Xilinx/Vivado/MyProjects/PMOD_WIFI_SERVER/PMOD_WIFI.srcs/sources_1/bd/design_1/ip/design_1_microblaze_0_0/stats.txt'. Please regenerate to continue.
WARNING: [IP_Flow 19-3664] IP 'design_1_dlmb_v10_0' generated file not found 'c:/Xilinx/Vivado/MyProjects/PMOD_WIFI_SERVER/PMOD_WIFI.srcs/sources_1/bd/design_1/ip/design_1_dlmb_v10_0/stats.txt'. Please regenerate to continue.
WARNING: [IP_Flow 19-3664] IP 'design_1_ilmb_v10_0' generated file not found 'c:/Xilinx/Vivado/MyProjects/PMOD_WIFI_SERVER/PMOD_WIFI.srcs/sources_1/bd/design_1/ip/design_1_ilmb_v10_0/stats.txt'. Please regenerate to continue.
WARNING: [IP_Flow 19-3664] IP 'design_1_dlmb_bram_if_cntlr_0' generated file not found 'c:/Xilinx/Vivado/MyProjects/PMOD_WIFI_SERVER/PMOD_WIFI.srcs/sources_1/bd/design_1/ip/design_1_dlmb_bram_if_cntlr_0/stats.txt'. Please regenerate to continue.
WARNING: [IP_Flow 19-3664] IP 'design_1_ilmb_bram_if_cntlr_0' generated file not found 'c:/Xilinx/Vivado/MyProjects/PMOD_WIFI_SERVER/PMOD_WIFI.srcs/sources_1/bd/design_1/ip/design_1_ilmb_bram_if_cntlr_0/stats.txt'. Please regenerate to continue.
WARNING: [IP_Flow 19-3664] IP 'design_1_lmb_bram_0' generated file not found 'c:/Xilinx/Vivado/MyProjects/PMOD_WIFI_SERVER/PMOD_WIFI.srcs/sources_1/bd/design_1/ip/design_1_lmb_bram_0/stats.txt'. Please regenerate to continue.
WARNING: [IP_Flow 19-3664] IP 'design_1_microblaze_0_axi_intc_0' generated file not found 'c:/Xilinx/Vivado/MyProjects/PMOD_WIFI_SERVER/PMOD_WIFI.srcs/sources_1/bd/design_1/ip/design_1_microblaze_0_axi_intc_0/stats.txt'. Please regenerate to continue.
WARNING: [IP_Flow 19-3664] IP 'design_1_microblaze_0_xlconcat_0' generated file not found 'c:/Xilinx/Vivado/MyProjects/PMOD_WIFI_SERVER/PMOD_WIFI.srcs/sources_1/bd/design_1/ip/design_1_microblaze_0_xlconcat_0/stats.txt'. Please regenerate to continue.
WARNING: [IP_Flow 19-3664] IP 'design_1_mdm_1_0' generated file not found 'c:/Xilinx/Vivado/MyProjects/PMOD_WIFI_SERVER/PMOD_WIFI.srcs/sources_1/bd/design_1/ip/design_1_mdm_1_0/stats.txt'. Please regenerate to continue.
WARNING: [IP_Flow 19-3664] IP 'design_1_rst_clk_wiz_0_100M_0' generated file not found 'c:/Xilinx/Vivado/MyProjects/PMOD_WIFI_SERVER/PMOD_WIFI.srcs/sources_1/bd/design_1/ip/design_1_rst_clk_wiz_0_100M_0/stats.txt'. Please regenerate to continue.
WARNING: [IP_Flow 19-3664] IP 'design_1_PmodWIFI_0_0' generated file not found 'c:/Xilinx/Vivado/MyProjects/PMOD_WIFI_SERVER/PMOD_WIFI.srcs/sources_1/bd/design_1/ip/design_1_PmodWIFI_0_0/stats.txt'. Please regenerate to continue.
WARNING: [IP_Flow 19-3664] IP 'design_1_axi_bram_ctrl_0_0' generated file not found 'c:/Xilinx/Vivado/MyProjects/PMOD_WIFI_SERVER/PMOD_WIFI.srcs/sources_1/bd/design_1/ip/design_1_axi_bram_ctrl_0_0/stats.txt'. Please regenerate to continue.
WARNING: [IP_Flow 19-3664] IP 'design_1_auto_pc_1' generated file not found 'c:/Xilinx/Vivado/MyProjects/PMOD_WIFI_SERVER/PMOD_WIFI.srcs/sources_1/bd/design_1/ip/design_1_auto_pc_1/stats.txt'. Please regenerate to continue.
WARNING: [IP_Flow 19-3664] IP 'design_1_auto_pc_0' generated file not found 'c:/Xilinx/Vivado/MyProjects/PMOD_WIFI_SERVER/PMOD_WIFI.srcs/sources_1/bd/design_1/ip/design_1_auto_pc_0/stats.txt'. Please regenerate to continue.
open_project: Time (s): cpu = 00:00:30 ; elapsed = 00:00:42 . Memory (MB): peak = 912.879 ; gain = 189.559
update_compile_order -fileset sources_1
open_bd_design {C:/Xilinx/Vivado/MyProjects/PMOD_WIFI_SERVER/PMOD_WIFI.srcs/sources_1/bd/design_1/design_1.bd}
Adding cell -- xilinx.com:ip:xlconcat:2.1 - microblaze_0_xlconcat
Adding cell -- xilinx.com:ip:proc_sys_reset:5.0 - rst_clk_wiz_0_100M
Adding cell -- digilentinc.com:IP:PmodWIFI:1.0 - PmodWIFI_0
Adding cell -- xilinx.com:ip:axi_emc:3.0 - axi_emc_0
Adding cell -- xilinx.com:ip:axi_uartlite:2.0 - axi_uartlite_0
Adding cell -- xilinx.com:ip:clk_wiz:5.4 - clk_wiz_0
Adding cell -- xilinx.com:ip:mdm:3.2 - mdm_1
Adding cell -- xilinx.com:ip:microblaze:10.0 - microblaze_0
Adding cell -- xilinx.com:ip:axi_intc:4.1 - microblaze_0_axi_intc
Adding cell -- xilinx.com:user:led_ip:1.0 - led_ip_0
Adding cell -- xilinx.com:user:sevenSegment:1.0 - sevenSegment_0
Adding cell -- xilinx.com:ip:axi_bram_ctrl:4.0 - axi_DATAbram_ctrl_0
Adding cell -- xilinx.com:ip:blk_mem_gen:8.3 - DATA_bram
Adding cell -- xilinx.com:ip:axi_bram_ctrl:4.0 - axi_KEYbram_ctrl_0
Adding cell -- xilinx.com:ip:blk_mem_gen:8.3 - KEY_bram
Adding cell -- xilinx.com:ip:xlconstant:1.1 - en_1
Adding cell -- xilinx.com:ip:xlconstant:1.1 - we_0
Adding cell -- xilinx.com:ip:xlconstant:1.1 - zero
Adding cell -- xilinx.com:ip:xlconstant:1.1 - xlconstant_0
Adding cell -- xilinx.com:user:atal_AES_LUT_41clks:2.0 - atal_AES_LUT_41clks_1
Adding cell -- xilinx.com:ip:axi_gpio:2.0 - switches
Adding cell -- xilinx.com:ip:axi_crossbar:2.1 - xbar
Adding cell -- xilinx.com:ip:axi_protocol_converter:2.1 - auto_pc
Adding cell -- xilinx.com:ip:axi_protocol_converter:2.1 - auto_pc
Adding cell -- xilinx.com:ip:axi_crossbar:2.1 - xbar
Adding cell -- xilinx.com:ip:lmb_v10:3.0 - dlmb_v10
Adding cell -- xilinx.com:ip:lmb_v10:3.0 - ilmb_v10
Adding cell -- xilinx.com:ip:blk_mem_gen:8.3 - lmb_bram
Adding cell -- xilinx.com:ip:lmb_bram_if_cntlr:4.0 - dlmb_bram_if_cntlr
Adding cell -- xilinx.com:ip:lmb_bram_if_cntlr:4.0 - ilmb_bram_if_cntlr
Successfully read diagram <design_1> from BD file <C:/Xilinx/Vivado/MyProjects/PMOD_WIFI_SERVER/PMOD_WIFI.srcs/sources_1/bd/design_1/design_1.bd>
open_bd_design: Time (s): cpu = 00:00:15 ; elapsed = 00:00:22 . Memory (MB): peak = 961.039 ; gain = 48.160
file copy -force C:/Xilinx/Vivado/MyProjects/PMOD_WIFI_SERVER/PMOD_WIFI.runs/impl_1/design_1_wrapper.sysdef C:/Xilinx/Vivado/MyProjects/PMOD_WIFI_SERVER/PMOD_WIFI.sdk/design_1_wrapper.hdf

launch_sdk -workspace C:/Xilinx/Vivado/MyProjects/PMOD_WIFI_SERVER/PMOD_WIFI.sdk -hwspec C:/Xilinx/Vivado/MyProjects/PMOD_WIFI_SERVER/PMOD_WIFI.sdk/design_1_wrapper.hdf
INFO: [Vivado 12-393] Launching SDK...
INFO: [Vivado 12-417] Running xsdk -workspace C:/Xilinx/Vivado/MyProjects/PMOD_WIFI_SERVER/PMOD_WIFI.sdk -hwspec C:/Xilinx/Vivado/MyProjects/PMOD_WIFI_SERVER/PMOD_WIFI.sdk/design_1_wrapper.hdf
INFO: [Vivado 12-3157] SDK launch initiated. Please check console for any further messages.
exit
INFO: [Common 17-206] Exiting Vivado at Mon Oct 22 12:49:51 2018...
