#-----------------------------------------------------------
# Vivado v2017.2 (64-bit)
# SW Build 1909853 on Thu Jun 15 18:39:09 MDT 2017
# IP Build 1909766 on Thu Jun 15 19:58:00 MDT 2017
# Start of session at: Thu Oct 11 00:44:06 2018
# Process ID: 7312
# Current directory: C:/Xilinx/Vivado/MyProjects/PMOD_WIFI_SERVER
# Command line: vivado.exe -gui_launcher_event rodinguilauncherevent4600 C:\Xilinx\Vivado\MyProjects\PMOD_WIFI_SERVER\PMOD_WIFI.xpr
# Log file: C:/Xilinx/Vivado/MyProjects/PMOD_WIFI_SERVER/vivado.log
# Journal file: C:/Xilinx/Vivado/MyProjects/PMOD_WIFI_SERVER\vivado.jou
#-----------------------------------------------------------
start_gui
open_project C:/Xilinx/Vivado/MyProjects/PMOD_WIFI_SERVER/PMOD_WIFI.xpr
INFO: [Project 1-313] Project file moved from 'C:/Xilinx/Vivado/MyProjects/PMOD_WIFI_CLIENT' since last save.
Scanning sources...
Finished scanning sources
WARNING: [filemgmt 56-3] IP Repository Path: Could not find the directory 'C:/College/Thesis/vivado-library-master'.
INFO: [IP_Flow 19-234] Refreshing IP repositories
WARNING: [IP_Flow 19-2248] Failed to load user IP repository 'c:/College/Thesis/vivado-library-master'; Can't find the specified path.
If this directory should no longer be in your list of user repositories, go to the IP Settings dialog and remove it.
INFO: [IP_Flow 19-1700] Loaded user IP repository 'c:/Xilinx/Vivado/MyProjects/myIps'.
INFO: [IP_Flow 19-2313] Loaded Vivado IP repository 'C:/Xilinx/Vivado/2017.2/data/ip'.
WARNING: [IP_Flow 19-3664] IP 'design_1_axi_emc_0_0' generated file not found 'c:/Xilinx/Vivado/MyProjects/PMOD_WIFI_SERVER/PMOD_WIFI.srcs/sources_1/bd/design_1/ip/design_1_axi_emc_0_0/stats.txt'. Please regenerate to continue.
WARNING: [IP_Flow 19-3664] IP 'design_1_clk_wiz_0_0' generated file not found 'c:/Xilinx/Vivado/MyProjects/PMOD_WIFI_SERVER/PMOD_WIFI.srcs/sources_1/bd/design_1/ip/design_1_clk_wiz_0_0/stats.txt'. Please regenerate to continue.
WARNING: [IP_Flow 19-3664] IP 'design_1_axi_uartlite_0_0' generated file not found 'c:/Xilinx/Vivado/MyProjects/PMOD_WIFI_SERVER/PMOD_WIFI.srcs/sources_1/bd/design_1/ip/design_1_axi_uartlite_0_0/stats.txt'. Please regenerate to continue.
WARNING: [IP_Flow 19-3664] IP 'design_1_microblaze_0_0' generated file not found 'c:/Xilinx/Vivado/MyProjects/PMOD_WIFI_SERVER/PMOD_WIFI.srcs/sources_1/bd/design_1/ip/design_1_microblaze_0_0/stats.txt'. Please regenerate to continue.
WARNING: [IP_Flow 19-3664] IP 'design_1_dlmb_v10_0' generated file not found 'c:/Xilinx/Vivado/MyProjects/PMOD_WIFI_SERVER/PMOD_WIFI.srcs/sources_1/bd/design_1/ip/design_1_dlmb_v10_0/stats.txt'. Please regenerate to continue.
WARNING: [IP_Flow 19-3664] IP 'design_1_ilmb_v10_0' generated file not found 'c:/Xilinx/Vivado/MyProjects/PMOD_WIFI_SERVER/PMOD_WIFI.srcs/sources_1/bd/design_1/ip/design_1_ilmb_v10_0/stats.txt'. Please regenerate to continue.
WARNING: [IP_Flow 19-3664] IP 'design_1_dlmb_bram_if_cntlr_0' generated file not found 'c:/Xilinx/Vivado/MyProjects/PMOD_WIFI_SERVER/PMOD_WIFI.srcs/sources_1/bd/design_1/ip/design_1_dlmb_bram_if_cntlr_0/stats.txt'. Please regenerate to continue.
WARNING: [IP_Flow 19-3664] IP 'design_1_ilmb_bram_if_cntlr_0' generated file not found 'c:/Xilinx/Vivado/MyProjects/PMOD_WIFI_SERVER/PMOD_WIFI.srcs/sources_1/bd/design_1/ip/design_1_ilmb_bram_if_cntlr_0/stats.txt'. Please regenerate to continue.
WARNING: [IP_Flow 19-3664] IP 'design_1_lmb_bram_0' generated file not found 'c:/Xilinx/Vivado/MyProjects/PMOD_WIFI_SERVER/PMOD_WIFI.srcs/sources_1/bd/design_1/ip/design_1_lmb_bram_0/stats.txt'. Please regenerate to continue.
WARNING: [IP_Flow 19-3664] IP 'design_1_microblaze_0_axi_intc_0' generated file not found 'c:/Xilinx/Vivado/MyProjects/PMOD_WIFI_SERVER/PMOD_WIFI.srcs/sources_1/bd/design_1/ip/design_1_microblaze_0_axi_intc_0/stats.txt'. Please regenerate to continue.
WARNING: [IP_Flow 19-3664] IP 'design_1_microblaze_0_xlconcat_0' generated file not found 'c:/Xilinx/Vivado/MyProjects/PMOD_WIFI_SERVER/PMOD_WIFI.srcs/sources_1/bd/design_1/ip/design_1_microblaze_0_xlconcat_0/stats.txt'. Please regenerate to continue.
WARNING: [IP_Flow 19-3664] IP 'design_1_mdm_1_0' generated file not found 'c:/Xilinx/Vivado/MyProjects/PMOD_WIFI_SERVER/PMOD_WIFI.srcs/sources_1/bd/design_1/ip/design_1_mdm_1_0/stats.txt'. Please regenerate to continue.
WARNING: [IP_Flow 19-3664] IP 'design_1_rst_clk_wiz_0_100M_0' generated file not found 'c:/Xilinx/Vivado/MyProjects/PMOD_WIFI_SERVER/PMOD_WIFI.srcs/sources_1/bd/design_1/ip/design_1_rst_clk_wiz_0_100M_0/stats.txt'. Please regenerate to continue.
WARNING: [IP_Flow 19-3664] IP 'design_1_PmodWIFI_0_0' generated file not found 'c:/Xilinx/Vivado/MyProjects/PMOD_WIFI_SERVER/PMOD_WIFI.srcs/sources_1/bd/design_1/ip/design_1_PmodWIFI_0_0/stats.txt'. Please regenerate to continue.
WARNING: [IP_Flow 19-3664] IP 'design_1_axi_bram_ctrl_0_0' generated file not found 'c:/Xilinx/Vivado/MyProjects/PMOD_WIFI_SERVER/PMOD_WIFI.srcs/sources_1/bd/design_1/ip/design_1_axi_bram_ctrl_0_0/stats.txt'. Please regenerate to continue.
WARNING: [IP_Flow 19-3664] IP 'design_1_auto_pc_1' generated file not found 'c:/Xilinx/Vivado/MyProjects/PMOD_WIFI_SERVER/PMOD_WIFI.srcs/sources_1/bd/design_1/ip/design_1_auto_pc_1/stats.txt'. Please regenerate to continue.
WARNING: [IP_Flow 19-3664] IP 'design_1_auto_pc_0' generated file not found 'c:/Xilinx/Vivado/MyProjects/PMOD_WIFI_SERVER/PMOD_WIFI.srcs/sources_1/bd/design_1/ip/design_1_auto_pc_0/stats.txt'. Please regenerate to continue.
WARNING: [BD 41-1661] One or more IPs have been locked in the design 'design_1.bd'. Please run report_ip_status for more details and recommendations on how to fix this issue.
List of locked IPs:
design_1_PmodWIFI_0_0

open_project: Time (s): cpu = 00:00:29 ; elapsed = 00:00:26 . Memory (MB): peak = 781.559 ; gain = 113.133
update_compile_order -fileset sources_1
open_bd_design {C:/Xilinx/Vivado/MyProjects/PMOD_WIFI_SERVER/PMOD_WIFI.srcs/sources_1/bd/design_1/design_1.bd}
Adding cell -- xilinx.com:ip:xlconcat:2.1 - microblaze_0_xlconcat
Adding cell -- xilinx.com:ip:proc_sys_reset:5.0 - rst_clk_wiz_0_100M
Adding cell -- digilentinc.com:IP:PmodWIFI:1.0 - PmodWIFI_0
CRITICAL WARNING: [BD 41-51] Could not find bus definition for the interface: Pmod_out 
CRITICAL WARNING: [BD 41-49] Could not find abstraction definition for the interface: Pmod_out 
CRITICAL WARNING: [BD 41-49] Could not find abstraction definition for the interface: Pmod_out 
Adding cell -- xilinx.com:ip:axi_emc:3.0 - axi_emc_0
Adding cell -- xilinx.com:ip:axi_uartlite:2.0 - axi_uartlite_0
Adding cell -- xilinx.com:ip:clk_wiz:5.4 - clk_wiz_0
Adding cell -- xilinx.com:ip:mdm:3.2 - mdm_1
Adding cell -- xilinx.com:ip:microblaze:10.0 - microblaze_0
Adding cell -- xilinx.com:ip:axi_intc:4.1 - microblaze_0_axi_intc
Adding cell -- xilinx.com:user:led_ip:1.0 - led_ip_0
Adding cell -- xilinx.com:user:sevenSegment:1.0 - sevenSegment_0
Adding cell -- xilinx.com:ip:axi_bram_ctrl:4.0 - axi_DATAbram_ctrl_0
Adding cell -- xilinx.com:ip:blk_mem_gen:8.3 - DATA_bram
Adding cell -- xilinx.com:ip:axi_bram_ctrl:4.0 - axi_KEYbram_ctrl_0
Adding cell -- xilinx.com:ip:blk_mem_gen:8.3 - KEY_bram
Adding cell -- xilinx.com:ip:xlconstant:1.1 - en_1
Adding cell -- xilinx.com:ip:xlconstant:1.1 - we_0
Adding cell -- xilinx.com:ip:xlconstant:1.1 - zero
Adding cell -- xilinx.com:ip:xlconstant:1.1 - xlconstant_0
Adding cell -- xilinx.com:user:atal_AES_LUT_41clks:2.0 - atal_AES_LUT_41clks_1
CRITICAL WARNING: [BD 41-52] Could not find the abstraction definition specified by the vlnv: digilentinc.com:interface:pmod_rtl:1.0 
CRITICAL WARNING: [BD 41-181] Type specified by the VLNV: 'digilentinc.com:interface:pmod_rtl:1.0', cannot be found. Interface port: 'ja' cannot be created
CRITICAL WARNING: [BD 41-52] Could not find the abstraction definition specified by the vlnv: digilentinc.com:interface:pmod_rtl:1.0 
CRITICAL WARNING: [BD 41-181] Type specified by the VLNV: 'digilentinc.com:interface:pmod_rtl:1.0', cannot be found. Interface port: 'ja' cannot be created
Adding cell -- xilinx.com:ip:axi_crossbar:2.1 - xbar
Adding cell -- xilinx.com:ip:axi_protocol_converter:2.1 - auto_pc
Adding cell -- xilinx.com:ip:axi_protocol_converter:2.1 - auto_pc
Adding cell -- xilinx.com:ip:axi_crossbar:2.1 - xbar
Adding cell -- xilinx.com:ip:lmb_v10:3.0 - dlmb_v10
Adding cell -- xilinx.com:ip:lmb_v10:3.0 - ilmb_v10
Adding cell -- xilinx.com:ip:blk_mem_gen:8.3 - lmb_bram
Adding cell -- xilinx.com:ip:lmb_bram_if_cntlr:4.0 - dlmb_bram_if_cntlr
Adding cell -- xilinx.com:ip:lmb_bram_if_cntlr:4.0 - ilmb_bram_if_cntlr
Successfully read diagram <design_1> from BD file <C:/Xilinx/Vivado/MyProjects/PMOD_WIFI_SERVER/PMOD_WIFI.srcs/sources_1/bd/design_1/design_1.bd>
open_bd_design: Time (s): cpu = 00:00:14 ; elapsed = 00:00:17 . Memory (MB): peak = 896.848 ; gain = 91.078
update_ip_catalog -rebuild
INFO: [IP_Flow 19-234] Refreshing IP repositories
WARNING: [IP_Flow 19-2248] Failed to load user IP repository 'c:/College/Thesis/vivado-library-master'; Can't find the specified path.
If this directory should no longer be in your list of user repositories, go to the IP Settings dialog and remove it.
INFO: [IP_Flow 19-1700] Loaded user IP repository 'c:/Xilinx/Vivado/MyProjects/myIps'.
set_property  ip_repo_paths  c:/Xilinx/Vivado/MyProjects/myIps [current_project]
update_ip_catalog
INFO: [IP_Flow 19-234] Refreshing IP repositories
INFO: [IP_Flow 19-1700] Loaded user IP repository 'c:/Xilinx/Vivado/MyProjects/myIps'.
set_property  ip_repo_paths  {c:/Xilinx/Vivado/MyProjects/myIps C:/Xilinx/Vivado/vivado-library-master} [current_project]
update_ip_catalog
INFO: [IP_Flow 19-234] Refreshing IP repositories
INFO: [IP_Flow 19-1700] Loaded user IP repository 'c:/Xilinx/Vivado/MyProjects/myIps'.
INFO: [IP_Flow 19-1700] Loaded user IP repository 'c:/Xilinx/Vivado/vivado-library-master'.
update_ip_catalog: Time (s): cpu = 00:00:06 ; elapsed = 00:00:12 . Memory (MB): peak = 1003.051 ; gain = 18.730
set_property location {5 1696 791} [get_bd_cells DATA_bram]
save_bd_design
Wrote  : <C:/Xilinx/Vivado/MyProjects/PMOD_WIFI_SERVER/PMOD_WIFI.srcs/sources_1/bd/design_1/ui/bd_1f5defd0.ui> 
validate_bd_design -force
ERROR: [BD 5-336] This command cannot be run, as the BD-design is locked. Locked reason(s):
* Block design contains locked IPs. Please run report_ip_status for more details and recommendations on how to fix this issue. 
List of locked IPs: 
design_1_PmodWIFI_0_0

ERROR: [Common 17-39] 'validate_bd_design' failed due to earlier errors.
validate_bd_design -force
ERROR: [BD 5-336] This command cannot be run, as the BD-design is locked. Locked reason(s):
* Block design contains locked IPs. Please run report_ip_status for more details and recommendations on how to fix this issue. 
List of locked IPs: 
design_1_PmodWIFI_0_0

ERROR: [Common 17-39] 'validate_bd_design' failed due to earlier errors.
report_ip_status -name ip_status 
exit
INFO: [Common 17-206] Exiting Vivado at Thu Oct 11 00:49:57 2018...
