#-----------------------------------------------------------
# Vivado v2017.2 (64-bit)
# SW Build 1909853 on Thu Jun 15 18:39:09 MDT 2017
# IP Build 1909766 on Thu Jun 15 19:58:00 MDT 2017
# Start of session at: Fri Oct 12 10:25:13 2018
# Process ID: 3612
# Current directory: C:/Xilinx/Vivado/MyProjects/PMOD_WIFI_CLIENT
# Command line: vivado.exe -gui_launcher_event rodinguilauncherevent6188 C:\Xilinx\Vivado\MyProjects\PMOD_WIFI_CLIENT\PMOD_WIFI.xpr
# Log file: C:/Xilinx/Vivado/MyProjects/PMOD_WIFI_CLIENT/vivado.log
# Journal file: C:/Xilinx/Vivado/MyProjects/PMOD_WIFI_CLIENT\vivado.jou
#-----------------------------------------------------------
start_gui
open_project C:/Xilinx/Vivado/MyProjects/PMOD_WIFI_CLIENT/PMOD_WIFI.xpr
Scanning sources...
Finished scanning sources
INFO: [IP_Flow 19-234] Refreshing IP repositories
INFO: [IP_Flow 19-1700] Loaded user IP repository 'c:/College/Thesis/vivado-library-master'.
INFO: [IP_Flow 19-1700] Loaded user IP repository 'c:/Xilinx/Vivado/MyProjects/myIps'.
INFO: [IP_Flow 19-2313] Loaded Vivado IP repository 'C:/Xilinx/Vivado/2017.2/data/ip'.
WARNING: [IP_Flow 19-3664] IP 'design_1_axi_emc_0_0' generated file not found 'c:/Xilinx/Vivado/MyProjects/PMOD_WIFI_CLIENT/PMOD_WIFI.srcs/sources_1/bd/design_1/ip/design_1_axi_emc_0_0/stats.txt'. Please regenerate to continue.
WARNING: [IP_Flow 19-3664] IP 'design_1_clk_wiz_0_0' generated file not found 'c:/Xilinx/Vivado/MyProjects/PMOD_WIFI_CLIENT/PMOD_WIFI.srcs/sources_1/bd/design_1/ip/design_1_clk_wiz_0_0/stats.txt'. Please regenerate to continue.
WARNING: [IP_Flow 19-3664] IP 'design_1_axi_uartlite_0_0' generated file not found 'c:/Xilinx/Vivado/MyProjects/PMOD_WIFI_CLIENT/PMOD_WIFI.srcs/sources_1/bd/design_1/ip/design_1_axi_uartlite_0_0/stats.txt'. Please regenerate to continue.
WARNING: [IP_Flow 19-3664] IP 'design_1_microblaze_0_0' generated file not found 'c:/Xilinx/Vivado/MyProjects/PMOD_WIFI_CLIENT/PMOD_WIFI.srcs/sources_1/bd/design_1/ip/design_1_microblaze_0_0/stats.txt'. Please regenerate to continue.
WARNING: [IP_Flow 19-3664] IP 'design_1_dlmb_v10_0' generated file not found 'c:/Xilinx/Vivado/MyProjects/PMOD_WIFI_CLIENT/PMOD_WIFI.srcs/sources_1/bd/design_1/ip/design_1_dlmb_v10_0/stats.txt'. Please regenerate to continue.
WARNING: [IP_Flow 19-3664] IP 'design_1_ilmb_v10_0' generated file not found 'c:/Xilinx/Vivado/MyProjects/PMOD_WIFI_CLIENT/PMOD_WIFI.srcs/sources_1/bd/design_1/ip/design_1_ilmb_v10_0/stats.txt'. Please regenerate to continue.
WARNING: [IP_Flow 19-3664] IP 'design_1_dlmb_bram_if_cntlr_0' generated file not found 'c:/Xilinx/Vivado/MyProjects/PMOD_WIFI_CLIENT/PMOD_WIFI.srcs/sources_1/bd/design_1/ip/design_1_dlmb_bram_if_cntlr_0/stats.txt'. Please regenerate to continue.
WARNING: [IP_Flow 19-3664] IP 'design_1_ilmb_bram_if_cntlr_0' generated file not found 'c:/Xilinx/Vivado/MyProjects/PMOD_WIFI_CLIENT/PMOD_WIFI.srcs/sources_1/bd/design_1/ip/design_1_ilmb_bram_if_cntlr_0/stats.txt'. Please regenerate to continue.
WARNING: [IP_Flow 19-3664] IP 'design_1_lmb_bram_0' generated file not found 'c:/Xilinx/Vivado/MyProjects/PMOD_WIFI_CLIENT/PMOD_WIFI.srcs/sources_1/bd/design_1/ip/design_1_lmb_bram_0/stats.txt'. Please regenerate to continue.
WARNING: [IP_Flow 19-3664] IP 'design_1_microblaze_0_axi_intc_0' generated file not found 'c:/Xilinx/Vivado/MyProjects/PMOD_WIFI_CLIENT/PMOD_WIFI.srcs/sources_1/bd/design_1/ip/design_1_microblaze_0_axi_intc_0/stats.txt'. Please regenerate to continue.
WARNING: [IP_Flow 19-3664] IP 'design_1_microblaze_0_xlconcat_0' generated file not found 'c:/Xilinx/Vivado/MyProjects/PMOD_WIFI_CLIENT/PMOD_WIFI.srcs/sources_1/bd/design_1/ip/design_1_microblaze_0_xlconcat_0/stats.txt'. Please regenerate to continue.
WARNING: [IP_Flow 19-3664] IP 'design_1_mdm_1_0' generated file not found 'c:/Xilinx/Vivado/MyProjects/PMOD_WIFI_CLIENT/PMOD_WIFI.srcs/sources_1/bd/design_1/ip/design_1_mdm_1_0/stats.txt'. Please regenerate to continue.
WARNING: [IP_Flow 19-3664] IP 'design_1_rst_clk_wiz_0_100M_0' generated file not found 'c:/Xilinx/Vivado/MyProjects/PMOD_WIFI_CLIENT/PMOD_WIFI.srcs/sources_1/bd/design_1/ip/design_1_rst_clk_wiz_0_100M_0/stats.txt'. Please regenerate to continue.
WARNING: [IP_Flow 19-3664] IP 'design_1_PmodWIFI_0_0' generated file not found 'c:/Xilinx/Vivado/MyProjects/PMOD_WIFI_CLIENT/PMOD_WIFI.srcs/sources_1/bd/design_1/ip/design_1_PmodWIFI_0_0/stats.txt'. Please regenerate to continue.
WARNING: [IP_Flow 19-3664] IP 'design_1_axi_bram_ctrl_0_0' generated file not found 'c:/Xilinx/Vivado/MyProjects/PMOD_WIFI_CLIENT/PMOD_WIFI.srcs/sources_1/bd/design_1/ip/design_1_axi_bram_ctrl_0_0/stats.txt'. Please regenerate to continue.
WARNING: [IP_Flow 19-3664] IP 'design_1_auto_pc_1' generated file not found 'c:/Xilinx/Vivado/MyProjects/PMOD_WIFI_CLIENT/PMOD_WIFI.srcs/sources_1/bd/design_1/ip/design_1_auto_pc_1/stats.txt'. Please regenerate to continue.
WARNING: [IP_Flow 19-3664] IP 'design_1_auto_pc_0' generated file not found 'c:/Xilinx/Vivado/MyProjects/PMOD_WIFI_CLIENT/PMOD_WIFI.srcs/sources_1/bd/design_1/ip/design_1_auto_pc_0/stats.txt'. Please regenerate to continue.
open_project: Time (s): cpu = 00:00:28 ; elapsed = 00:00:20 . Memory (MB): peak = 910.816 ; gain = 188.676
update_compile_order -fileset sources_1
launch_sdk -workspace C:/Xilinx/Vivado/MyProjects/PMOD_WIFI_CLIENT/PMOD_WIFI.sdk -hwspec C:/Xilinx/Vivado/MyProjects/PMOD_WIFI_CLIENT/PMOD_WIFI.sdk/design_1_wrapper.hdf
INFO: [Vivado 12-393] Launching SDK...
INFO: [Vivado 12-417] Running xsdk -workspace C:/Xilinx/Vivado/MyProjects/PMOD_WIFI_CLIENT/PMOD_WIFI.sdk -hwspec C:/Xilinx/Vivado/MyProjects/PMOD_WIFI_CLIENT/PMOD_WIFI.sdk/design_1_wrapper.hdf
INFO: [Vivado 12-3157] SDK launch initiated. Please check console for any further messages.
