
*** Running vivado
    with args -log design_1_axi_bram_ctrl_0_bram_1.vds -m64 -product Vivado -mode batch -messageDb vivado.pb -notrace -source design_1_axi_bram_ctrl_0_bram_1.tcl


****** Vivado v2017.2 (64-bit)
  **** SW Build 1909853 on Thu Jun 15 18:39:09 MDT 2017
  **** IP Build 1909766 on Thu Jun 15 19:58:00 MDT 2017
    ** Copyright 1986-2017 Xilinx, Inc. All Rights Reserved.

source design_1_axi_bram_ctrl_0_bram_1.tcl -notrace
Starting RTL Elaboration : Time (s): cpu = 00:00:08 ; elapsed = 00:00:09 . Memory (MB): peak = 341.813 ; gain = 80.391
INFO: [Synth 8-638] synthesizing module 'design_1_axi_bram_ctrl_0_bram_1' [c:/Xilinx/Vivado/MyProjects/PMOD_WIFI_CLIENT/PMOD_WIFI.srcs/sources_1/bd/design_1/ip/design_1_axi_bram_ctrl_0_bram_1/synth/design_1_axi_bram_ctrl_0_bram_1.vhd:78]
INFO: [Synth 8-256] done synthesizing module 'design_1_axi_bram_ctrl_0_bram_1' (9#1) [c:/Xilinx/Vivado/MyProjects/PMOD_WIFI_CLIENT/PMOD_WIFI.srcs/sources_1/bd/design_1/ip/design_1_axi_bram_ctrl_0_bram_1/synth/design_1_axi_bram_ctrl_0_bram_1.vhd:78]
Finished RTL Elaboration : Time (s): cpu = 00:01:07 ; elapsed = 00:01:09 . Memory (MB): peak = 547.379 ; gain = 285.957
Finished RTL Optimization Phase 1 : Time (s): cpu = 00:01:07 ; elapsed = 00:01:09 . Memory (MB): peak = 547.379 ; gain = 285.957
INFO: [Device 21-403] Loading part xc7a100tcsg324-1
Constraint Validation Runtime : Time (s): cpu = 00:00:00 ; elapsed = 00:00:00.024 . Memory (MB): peak = 620.715 ; gain = 0.000
Finished Constraint Validation : Time (s): cpu = 00:01:18 ; elapsed = 00:01:20 . Memory (MB): peak = 620.715 ; gain = 359.293
Finished Loading Part and Timing Information : Time (s): cpu = 00:01:18 ; elapsed = 00:01:20 . Memory (MB): peak = 620.715 ; gain = 359.293
Finished applying 'set_property' XDC Constraints : Time (s): cpu = 00:01:18 ; elapsed = 00:01:20 . Memory (MB): peak = 620.715 ; gain = 359.293
Finished RTL Optimization Phase 2 : Time (s): cpu = 00:01:18 ; elapsed = 00:01:20 . Memory (MB): peak = 620.715 ; gain = 359.293
Finished Cross Boundary and Area Optimization : Time (s): cpu = 00:01:19 ; elapsed = 00:01:20 . Memory (MB): peak = 620.715 ; gain = 359.293
Finished Applying XDC Timing Constraints : Time (s): cpu = 00:01:30 ; elapsed = 00:01:32 . Memory (MB): peak = 642.637 ; gain = 381.215
Finished Timing Optimization : Time (s): cpu = 00:01:30 ; elapsed = 00:01:32 . Memory (MB): peak = 642.637 ; gain = 381.215
Finished Technology Mapping : Time (s): cpu = 00:01:30 ; elapsed = 00:01:32 . Memory (MB): peak = 653.781 ; gain = 392.359
Finished IO Insertion : Time (s): cpu = 00:01:31 ; elapsed = 00:01:33 . Memory (MB): peak = 653.781 ; gain = 392.359
Finished Renaming Generated Instances : Time (s): cpu = 00:01:31 ; elapsed = 00:01:33 . Memory (MB): peak = 653.781 ; gain = 392.359
Finished Rebuilding User Hierarchy : Time (s): cpu = 00:01:31 ; elapsed = 00:01:33 . Memory (MB): peak = 653.781 ; gain = 392.359
Finished Renaming Generated Ports : Time (s): cpu = 00:01:31 ; elapsed = 00:01:33 . Memory (MB): peak = 653.781 ; gain = 392.359
Finished Handling Custom Attributes : Time (s): cpu = 00:01:31 ; elapsed = 00:01:33 . Memory (MB): peak = 653.781 ; gain = 392.359
Finished Renaming Generated Nets : Time (s): cpu = 00:01:31 ; elapsed = 00:01:33 . Memory (MB): peak = 653.781 ; gain = 392.359

Report Cell Usage: 
+------+---------+------+
|      |Cell     |Count |
+------+---------+------+
|1     |RAMB36E1 |     2|
+------+---------+------+
Finished Writing Synthesis Report : Time (s): cpu = 00:01:31 ; elapsed = 00:01:33 . Memory (MB): peak = 653.781 ; gain = 392.359
synth_design: Time (s): cpu = 00:01:33 ; elapsed = 00:01:35 . Memory (MB): peak = 665.305 ; gain = 409.523
