
*** Running vivado
    with args -log design_1_axi_bram_ctrl_0_1.vds -m64 -product Vivado -mode batch -messageDb vivado.pb -notrace -source design_1_axi_bram_ctrl_0_1.tcl


****** Vivado v2017.2 (64-bit)
  **** SW Build 1909853 on Thu Jun 15 18:39:09 MDT 2017
  **** IP Build 1909766 on Thu Jun 15 19:58:00 MDT 2017
    ** Copyright 1986-2017 Xilinx, Inc. All Rights Reserved.

source design_1_axi_bram_ctrl_0_1.tcl -notrace
Starting RTL Elaboration : Time (s): cpu = 00:00:08 ; elapsed = 00:00:09 . Memory (MB): peak = 341.895 ; gain = 79.438
INFO: [Synth 8-638] synthesizing module 'design_1_axi_bram_ctrl_0_1' [c:/Xilinx/Vivado/MyProjects/PMOD_WIFI_CLIENT/PMOD_WIFI.srcs/sources_1/bd/design_1/ip/design_1_axi_bram_ctrl_0_1/synth/design_1_axi_bram_ctrl_0_1.vhd:104]
INFO: [Synth 8-638] synthesizing module 'axi_bram_ctrl' [c:/Xilinx/Vivado/MyProjects/PMOD_WIFI_CLIENT/PMOD_WIFI.srcs/sources_1/bd/design_1/ipshared/9183/hdl/axi_bram_ctrl_v4_0_rfs.vhd:23897]
INFO: [Synth 8-638] synthesizing module 'axi_bram_ctrl_top' [c:/Xilinx/Vivado/MyProjects/PMOD_WIFI_CLIENT/PMOD_WIFI.srcs/sources_1/bd/design_1/ipshared/9183/hdl/axi_bram_ctrl_v4_0_rfs.vhd:22901]
INFO: [Synth 8-638] synthesizing module 'full_axi' [c:/Xilinx/Vivado/MyProjects/PMOD_WIFI_CLIENT/PMOD_WIFI.srcs/sources_1/bd/design_1/ipshared/9183/hdl/axi_bram_ctrl_v4_0_rfs.vhd:21844]
INFO: [Synth 8-638] synthesizing module 'sng_port_arb' [c:/Xilinx/Vivado/MyProjects/PMOD_WIFI_CLIENT/PMOD_WIFI.srcs/sources_1/bd/design_1/ipshared/9183/hdl/axi_bram_ctrl_v4_0_rfs.vhd:9216]
INFO: [Synth 8-256] done synthesizing module 'sng_port_arb' (1#1) [c:/Xilinx/Vivado/MyProjects/PMOD_WIFI_CLIENT/PMOD_WIFI.srcs/sources_1/bd/design_1/ipshared/9183/hdl/axi_bram_ctrl_v4_0_rfs.vhd:9216]
INFO: [Synth 8-638] synthesizing module 'wr_chnl' [c:/Xilinx/Vivado/MyProjects/PMOD_WIFI_CLIENT/PMOD_WIFI.srcs/sources_1/bd/design_1/ipshared/9183/hdl/axi_bram_ctrl_v4_0_rfs.vhd:17009]
INFO: [Synth 8-638] synthesizing module 'wrap_brst' [c:/Xilinx/Vivado/MyProjects/PMOD_WIFI_CLIENT/PMOD_WIFI.srcs/sources_1/bd/design_1/ipshared/9183/hdl/axi_bram_ctrl_v4_0_rfs.vhd:10215]
INFO: [Synth 8-256] done synthesizing module 'wrap_brst' (2#1) [c:/Xilinx/Vivado/MyProjects/PMOD_WIFI_CLIENT/PMOD_WIFI.srcs/sources_1/bd/design_1/ipshared/9183/hdl/axi_bram_ctrl_v4_0_rfs.vhd:10215]
INFO: [Synth 8-638] synthesizing module 'SRL_FIFO' [c:/Xilinx/Vivado/MyProjects/PMOD_WIFI_CLIENT/PMOD_WIFI.srcs/sources_1/bd/design_1/ipshared/9183/hdl/axi_bram_ctrl_v4_0_rfs.vhd:133]
INFO: [Synth 8-638] synthesizing module 'FDR' [C:/Xilinx/Vivado/2017.2/scripts/rt/data/unisim_comp.v:3951]
INFO: [Synth 8-256] done synthesizing module 'FDR' (3#1) [C:/Xilinx/Vivado/2017.2/scripts/rt/data/unisim_comp.v:3951]
INFO: [Synth 8-638] synthesizing module 'MUXCY_L' [C:/Xilinx/Vivado/2017.2/scripts/rt/data/unisim_comp.v:21638]
INFO: [Synth 8-256] done synthesizing module 'MUXCY_L' (4#1) [C:/Xilinx/Vivado/2017.2/scripts/rt/data/unisim_comp.v:21638]
INFO: [Synth 8-638] synthesizing module 'XORCY' [C:/Xilinx/Vivado/2017.2/scripts/rt/data/unisim_comp.v:45685]
INFO: [Synth 8-256] done synthesizing module 'XORCY' (5#1) [C:/Xilinx/Vivado/2017.2/scripts/rt/data/unisim_comp.v:45685]
INFO: [Synth 8-638] synthesizing module 'FDRE' [C:/Xilinx/Vivado/2017.2/scripts/rt/data/unisim_comp.v:3964]
INFO: [Synth 8-256] done synthesizing module 'FDRE' (6#1) [C:/Xilinx/Vivado/2017.2/scripts/rt/data/unisim_comp.v:3964]
INFO: [Synth 8-638] synthesizing module 'SRL16E' [C:/Xilinx/Vivado/2017.2/scripts/rt/data/unisim_comp.v:43673]
INFO: [Synth 8-256] done synthesizing module 'SRL16E' (7#1) [C:/Xilinx/Vivado/2017.2/scripts/rt/data/unisim_comp.v:43673]
INFO: [Synth 8-256] done synthesizing module 'SRL_FIFO' (8#1) [c:/Xilinx/Vivado/MyProjects/PMOD_WIFI_CLIENT/PMOD_WIFI.srcs/sources_1/bd/design_1/ipshared/9183/hdl/axi_bram_ctrl_v4_0_rfs.vhd:133]
INFO: [Synth 8-256] done synthesizing module 'wr_chnl' (9#1) [c:/Xilinx/Vivado/MyProjects/PMOD_WIFI_CLIENT/PMOD_WIFI.srcs/sources_1/bd/design_1/ipshared/9183/hdl/axi_bram_ctrl_v4_0_rfs.vhd:17009]
INFO: [Synth 8-638] synthesizing module 'rd_chnl' [c:/Xilinx/Vivado/MyProjects/PMOD_WIFI_CLIENT/PMOD_WIFI.srcs/sources_1/bd/design_1/ipshared/9183/hdl/axi_bram_ctrl_v4_0_rfs.vhd:11495]
INFO: [Synth 8-256] done synthesizing module 'rd_chnl' (10#1) [c:/Xilinx/Vivado/MyProjects/PMOD_WIFI_CLIENT/PMOD_WIFI.srcs/sources_1/bd/design_1/ipshared/9183/hdl/axi_bram_ctrl_v4_0_rfs.vhd:11495]
INFO: [Synth 8-256] done synthesizing module 'full_axi' (11#1) [c:/Xilinx/Vivado/MyProjects/PMOD_WIFI_CLIENT/PMOD_WIFI.srcs/sources_1/bd/design_1/ipshared/9183/hdl/axi_bram_ctrl_v4_0_rfs.vhd:21844]
INFO: [Synth 8-256] done synthesizing module 'axi_bram_ctrl_top' (12#1) [c:/Xilinx/Vivado/MyProjects/PMOD_WIFI_CLIENT/PMOD_WIFI.srcs/sources_1/bd/design_1/ipshared/9183/hdl/axi_bram_ctrl_v4_0_rfs.vhd:22901]
INFO: [Synth 8-256] done synthesizing module 'axi_bram_ctrl' (13#1) [c:/Xilinx/Vivado/MyProjects/PMOD_WIFI_CLIENT/PMOD_WIFI.srcs/sources_1/bd/design_1/ipshared/9183/hdl/axi_bram_ctrl_v4_0_rfs.vhd:23897]
INFO: [Synth 8-256] done synthesizing module 'design_1_axi_bram_ctrl_0_1' (14#1) [c:/Xilinx/Vivado/MyProjects/PMOD_WIFI_CLIENT/PMOD_WIFI.srcs/sources_1/bd/design_1/ip/design_1_axi_bram_ctrl_0_1/synth/design_1_axi_bram_ctrl_0_1.vhd:104]
Finished RTL Elaboration : Time (s): cpu = 00:00:17 ; elapsed = 00:00:18 . Memory (MB): peak = 458.816 ; gain = 196.359
Finished RTL Optimization Phase 1 : Time (s): cpu = 00:00:17 ; elapsed = 00:00:18 . Memory (MB): peak = 458.816 ; gain = 196.359
INFO: [Device 21-403] Loading part xc7a100tcsg324-1
Constraint Validation Runtime : Time (s): cpu = 00:00:00 ; elapsed = 00:00:00.034 . Memory (MB): peak = 696.973 ; gain = 0.000
Finished Constraint Validation : Time (s): cpu = 00:00:29 ; elapsed = 00:00:30 . Memory (MB): peak = 696.973 ; gain = 434.516
Finished Loading Part and Timing Information : Time (s): cpu = 00:00:29 ; elapsed = 00:00:30 . Memory (MB): peak = 696.973 ; gain = 434.516
Finished applying 'set_property' XDC Constraints : Time (s): cpu = 00:00:29 ; elapsed = 00:00:30 . Memory (MB): peak = 696.973 ; gain = 434.516
Finished RTL Optimization Phase 2 : Time (s): cpu = 00:00:30 ; elapsed = 00:00:31 . Memory (MB): peak = 696.973 ; gain = 434.516
Finished Cross Boundary and Area Optimization : Time (s): cpu = 00:00:32 ; elapsed = 00:00:33 . Memory (MB): peak = 696.973 ; gain = 434.516
Finished Applying XDC Timing Constraints : Time (s): cpu = 00:00:45 ; elapsed = 00:00:46 . Memory (MB): peak = 696.973 ; gain = 434.516
Finished Timing Optimization : Time (s): cpu = 00:00:46 ; elapsed = 00:00:47 . Memory (MB): peak = 700.238 ; gain = 437.781
Finished Technology Mapping : Time (s): cpu = 00:00:46 ; elapsed = 00:00:48 . Memory (MB): peak = 705.813 ; gain = 443.355
Finished IO Insertion : Time (s): cpu = 00:00:47 ; elapsed = 00:00:48 . Memory (MB): peak = 705.813 ; gain = 443.355
Finished Renaming Generated Instances : Time (s): cpu = 00:00:47 ; elapsed = 00:00:48 . Memory (MB): peak = 705.813 ; gain = 443.355
Finished Rebuilding User Hierarchy : Time (s): cpu = 00:00:47 ; elapsed = 00:00:48 . Memory (MB): peak = 705.813 ; gain = 443.355
Finished Renaming Generated Ports : Time (s): cpu = 00:00:47 ; elapsed = 00:00:48 . Memory (MB): peak = 705.813 ; gain = 443.355
Finished Handling Custom Attributes : Time (s): cpu = 00:00:47 ; elapsed = 00:00:49 . Memory (MB): peak = 705.813 ; gain = 443.355
Finished Renaming Generated Nets : Time (s): cpu = 00:00:47 ; elapsed = 00:00:49 . Memory (MB): peak = 705.813 ; gain = 443.355

Report Cell Usage: 
+------+--------+------+
|      |Cell    |Count |
+------+--------+------+
|1     |LUT1    |     2|
|2     |LUT2    |    23|
|3     |LUT3    |    52|
|4     |LUT4    |    27|
|5     |LUT5    |    34|
|6     |LUT6    |   110|
|7     |MUXCY_L |     3|
|8     |SRL16E  |     1|
|9     |XORCY   |     4|
|10    |FDR     |     1|
|11    |FDRE    |   204|
+------+--------+------+
Finished Writing Synthesis Report : Time (s): cpu = 00:00:47 ; elapsed = 00:00:49 . Memory (MB): peak = 705.813 ; gain = 443.355
synth_design: Time (s): cpu = 00:00:50 ; elapsed = 00:00:51 . Memory (MB): peak = 705.813 ; gain = 448.996
