
*** Running vivado
    with args -log design_1_xbar_1.vds -m64 -product Vivado -mode batch -messageDb vivado.pb -notrace -source design_1_xbar_1.tcl


****** Vivado v2017.2 (64-bit)
  **** SW Build 1909853 on Thu Jun 15 18:39:09 MDT 2017
  **** IP Build 1909766 on Thu Jun 15 19:58:00 MDT 2017
    ** Copyright 1986-2017 Xilinx, Inc. All Rights Reserved.

source design_1_xbar_1.tcl -notrace
Starting RTL Elaboration : Time (s): cpu = 00:00:08 ; elapsed = 00:00:09 . Memory (MB): peak = 355.391 ; gain = 82.063
INFO: [Synth 8-638] synthesizing module 'design_1_xbar_1' [c:/Xilinx/Vivado/MyProjects/PMOD_WIFI_CLIENT/PMOD_WIFI.srcs/sources_1/bd/design_1/ip/design_1_xbar_1/synth/design_1_xbar_1.v:59]
INFO: [Synth 8-638] synthesizing module 'axi_crossbar_v2_1_14_axi_crossbar' [c:/Xilinx/Vivado/MyProjects/PMOD_WIFI_CLIENT/PMOD_WIFI.srcs/sources_1/bd/design_1/ipshared/f582/hdl/axi_crossbar_v2_1_vl_rfs.v:4882]
INFO: [Synth 8-638] synthesizing module 'axi_crossbar_v2_1_14_crossbar_sasd' [c:/Xilinx/Vivado/MyProjects/PMOD_WIFI_CLIENT/PMOD_WIFI.srcs/sources_1/bd/design_1/ipshared/f582/hdl/axi_crossbar_v2_1_vl_rfs.v:1240]
INFO: [Synth 8-638] synthesizing module 'axi_crossbar_v2_1_14_addr_decoder' [c:/Xilinx/Vivado/MyProjects/PMOD_WIFI_CLIENT/PMOD_WIFI.srcs/sources_1/bd/design_1/ipshared/f582/hdl/axi_crossbar_v2_1_vl_rfs.v:794]
INFO: [Synth 8-638] synthesizing module 'generic_baseblocks_v2_1_0_comparator_static' [c:/Xilinx/Vivado/MyProjects/PMOD_WIFI_CLIENT/PMOD_WIFI.srcs/sources_1/bd/design_1/ipshared/f9c1/hdl/generic_baseblocks_v2_1_vl_rfs.v:2133]
INFO: [Synth 8-638] synthesizing module 'generic_baseblocks_v2_1_0_carry_and' [c:/Xilinx/Vivado/MyProjects/PMOD_WIFI_CLIENT/PMOD_WIFI.srcs/sources_1/bd/design_1/ipshared/f9c1/hdl/generic_baseblocks_v2_1_vl_rfs.v:62]
INFO: [Synth 8-256] done synthesizing module 'generic_baseblocks_v2_1_0_carry_and' (1#1) [c:/Xilinx/Vivado/MyProjects/PMOD_WIFI_CLIENT/PMOD_WIFI.srcs/sources_1/bd/design_1/ipshared/f9c1/hdl/generic_baseblocks_v2_1_vl_rfs.v:62]
INFO: [Synth 8-256] done synthesizing module 'generic_baseblocks_v2_1_0_comparator_static' (2#1) [c:/Xilinx/Vivado/MyProjects/PMOD_WIFI_CLIENT/PMOD_WIFI.srcs/sources_1/bd/design_1/ipshared/f9c1/hdl/generic_baseblocks_v2_1_vl_rfs.v:2133]
INFO: [Synth 8-638] synthesizing module 'generic_baseblocks_v2_1_0_comparator_static__parameterized0' [c:/Xilinx/Vivado/MyProjects/PMOD_WIFI_CLIENT/PMOD_WIFI.srcs/sources_1/bd/design_1/ipshared/f9c1/hdl/generic_baseblocks_v2_1_vl_rfs.v:2133]
INFO: [Synth 8-256] done synthesizing module 'generic_baseblocks_v2_1_0_comparator_static__parameterized0' (2#1) [c:/Xilinx/Vivado/MyProjects/PMOD_WIFI_CLIENT/PMOD_WIFI.srcs/sources_1/bd/design_1/ipshared/f9c1/hdl/generic_baseblocks_v2_1_vl_rfs.v:2133]
INFO: [Synth 8-638] synthesizing module 'generic_baseblocks_v2_1_0_comparator_static__parameterized1' [c:/Xilinx/Vivado/MyProjects/PMOD_WIFI_CLIENT/PMOD_WIFI.srcs/sources_1/bd/design_1/ipshared/f9c1/hdl/generic_baseblocks_v2_1_vl_rfs.v:2133]
INFO: [Synth 8-256] done synthesizing module 'generic_baseblocks_v2_1_0_comparator_static__parameterized1' (2#1) [c:/Xilinx/Vivado/MyProjects/PMOD_WIFI_CLIENT/PMOD_WIFI.srcs/sources_1/bd/design_1/ipshared/f9c1/hdl/generic_baseblocks_v2_1_vl_rfs.v:2133]
INFO: [Synth 8-638] synthesizing module 'generic_baseblocks_v2_1_0_comparator_static__parameterized2' [c:/Xilinx/Vivado/MyProjects/PMOD_WIFI_CLIENT/PMOD_WIFI.srcs/sources_1/bd/design_1/ipshared/f9c1/hdl/generic_baseblocks_v2_1_vl_rfs.v:2133]
INFO: [Synth 8-256] done synthesizing module 'generic_baseblocks_v2_1_0_comparator_static__parameterized2' (2#1) [c:/Xilinx/Vivado/MyProjects/PMOD_WIFI_CLIENT/PMOD_WIFI.srcs/sources_1/bd/design_1/ipshared/f9c1/hdl/generic_baseblocks_v2_1_vl_rfs.v:2133]
INFO: [Synth 8-638] synthesizing module 'generic_baseblocks_v2_1_0_comparator_static__parameterized3' [c:/Xilinx/Vivado/MyProjects/PMOD_WIFI_CLIENT/PMOD_WIFI.srcs/sources_1/bd/design_1/ipshared/f9c1/hdl/generic_baseblocks_v2_1_vl_rfs.v:2133]
INFO: [Synth 8-256] done synthesizing module 'generic_baseblocks_v2_1_0_comparator_static__parameterized3' (2#1) [c:/Xilinx/Vivado/MyProjects/PMOD_WIFI_CLIENT/PMOD_WIFI.srcs/sources_1/bd/design_1/ipshared/f9c1/hdl/generic_baseblocks_v2_1_vl_rfs.v:2133]
INFO: [Synth 8-638] synthesizing module 'generic_baseblocks_v2_1_0_comparator_static__parameterized4' [c:/Xilinx/Vivado/MyProjects/PMOD_WIFI_CLIENT/PMOD_WIFI.srcs/sources_1/bd/design_1/ipshared/f9c1/hdl/generic_baseblocks_v2_1_vl_rfs.v:2133]
INFO: [Synth 8-256] done synthesizing module 'generic_baseblocks_v2_1_0_comparator_static__parameterized4' (2#1) [c:/Xilinx/Vivado/MyProjects/PMOD_WIFI_CLIENT/PMOD_WIFI.srcs/sources_1/bd/design_1/ipshared/f9c1/hdl/generic_baseblocks_v2_1_vl_rfs.v:2133]
INFO: [Synth 8-638] synthesizing module 'generic_baseblocks_v2_1_0_comparator_static__parameterized5' [c:/Xilinx/Vivado/MyProjects/PMOD_WIFI_CLIENT/PMOD_WIFI.srcs/sources_1/bd/design_1/ipshared/f9c1/hdl/generic_baseblocks_v2_1_vl_rfs.v:2133]
INFO: [Synth 8-256] done synthesizing module 'generic_baseblocks_v2_1_0_comparator_static__parameterized5' (2#1) [c:/Xilinx/Vivado/MyProjects/PMOD_WIFI_CLIENT/PMOD_WIFI.srcs/sources_1/bd/design_1/ipshared/f9c1/hdl/generic_baseblocks_v2_1_vl_rfs.v:2133]
INFO: [Synth 8-638] synthesizing module 'generic_baseblocks_v2_1_0_comparator_static__parameterized6' [c:/Xilinx/Vivado/MyProjects/PMOD_WIFI_CLIENT/PMOD_WIFI.srcs/sources_1/bd/design_1/ipshared/f9c1/hdl/generic_baseblocks_v2_1_vl_rfs.v:2133]
INFO: [Synth 8-256] done synthesizing module 'generic_baseblocks_v2_1_0_comparator_static__parameterized6' (2#1) [c:/Xilinx/Vivado/MyProjects/PMOD_WIFI_CLIENT/PMOD_WIFI.srcs/sources_1/bd/design_1/ipshared/f9c1/hdl/generic_baseblocks_v2_1_vl_rfs.v:2133]
INFO: [Synth 8-638] synthesizing module 'generic_baseblocks_v2_1_0_comparator_static__parameterized7' [c:/Xilinx/Vivado/MyProjects/PMOD_WIFI_CLIENT/PMOD_WIFI.srcs/sources_1/bd/design_1/ipshared/f9c1/hdl/generic_baseblocks_v2_1_vl_rfs.v:2133]
INFO: [Synth 8-256] done synthesizing module 'generic_baseblocks_v2_1_0_comparator_static__parameterized7' (2#1) [c:/Xilinx/Vivado/MyProjects/PMOD_WIFI_CLIENT/PMOD_WIFI.srcs/sources_1/bd/design_1/ipshared/f9c1/hdl/generic_baseblocks_v2_1_vl_rfs.v:2133]
INFO: [Synth 8-256] done synthesizing module 'axi_crossbar_v2_1_14_addr_decoder' (3#1) [c:/Xilinx/Vivado/MyProjects/PMOD_WIFI_CLIENT/PMOD_WIFI.srcs/sources_1/bd/design_1/ipshared/f582/hdl/axi_crossbar_v2_1_vl_rfs.v:794]
INFO: [Synth 8-638] synthesizing module 'axi_crossbar_v2_1_14_decerr_slave' [c:/Xilinx/Vivado/MyProjects/PMOD_WIFI_CLIENT/PMOD_WIFI.srcs/sources_1/bd/design_1/ipshared/f582/hdl/axi_crossbar_v2_1_vl_rfs.v:3500]
INFO: [Synth 8-256] done synthesizing module 'axi_crossbar_v2_1_14_decerr_slave' (4#1) [c:/Xilinx/Vivado/MyProjects/PMOD_WIFI_CLIENT/PMOD_WIFI.srcs/sources_1/bd/design_1/ipshared/f582/hdl/axi_crossbar_v2_1_vl_rfs.v:3500]
INFO: [Synth 8-638] synthesizing module 'axi_crossbar_v2_1_14_addr_arbiter_sasd' [c:/Xilinx/Vivado/MyProjects/PMOD_WIFI_CLIENT/PMOD_WIFI.srcs/sources_1/bd/design_1/ipshared/f582/hdl/axi_crossbar_v2_1_vl_rfs.v:65]
INFO: [Synth 8-256] done synthesizing module 'axi_crossbar_v2_1_14_addr_arbiter_sasd' (5#1) [c:/Xilinx/Vivado/MyProjects/PMOD_WIFI_CLIENT/PMOD_WIFI.srcs/sources_1/bd/design_1/ipshared/f582/hdl/axi_crossbar_v2_1_vl_rfs.v:65]
INFO: [Synth 8-638] synthesizing module 'axi_crossbar_v2_1_14_splitter' [c:/Xilinx/Vivado/MyProjects/PMOD_WIFI_CLIENT/PMOD_WIFI.srcs/sources_1/bd/design_1/ipshared/f582/hdl/axi_crossbar_v2_1_vl_rfs.v:4459]
INFO: [Synth 8-256] done synthesizing module 'axi_crossbar_v2_1_14_splitter' (6#1) [c:/Xilinx/Vivado/MyProjects/PMOD_WIFI_CLIENT/PMOD_WIFI.srcs/sources_1/bd/design_1/ipshared/f582/hdl/axi_crossbar_v2_1_vl_rfs.v:4459]
INFO: [Synth 8-638] synthesizing module 'axi_crossbar_v2_1_14_splitter__parameterized0' [c:/Xilinx/Vivado/MyProjects/PMOD_WIFI_CLIENT/PMOD_WIFI.srcs/sources_1/bd/design_1/ipshared/f582/hdl/axi_crossbar_v2_1_vl_rfs.v:4459]
INFO: [Synth 8-256] done synthesizing module 'axi_crossbar_v2_1_14_splitter__parameterized0' (6#1) [c:/Xilinx/Vivado/MyProjects/PMOD_WIFI_CLIENT/PMOD_WIFI.srcs/sources_1/bd/design_1/ipshared/f582/hdl/axi_crossbar_v2_1_vl_rfs.v:4459]
INFO: [Synth 8-638] synthesizing module 'generic_baseblocks_v2_1_0_mux_enc' [c:/Xilinx/Vivado/MyProjects/PMOD_WIFI_CLIENT/PMOD_WIFI.srcs/sources_1/bd/design_1/ipshared/f9c1/hdl/generic_baseblocks_v2_1_vl_rfs.v:2452]
INFO: [Synth 8-256] done synthesizing module 'generic_baseblocks_v2_1_0_mux_enc' (7#1) [c:/Xilinx/Vivado/MyProjects/PMOD_WIFI_CLIENT/PMOD_WIFI.srcs/sources_1/bd/design_1/ipshared/f9c1/hdl/generic_baseblocks_v2_1_vl_rfs.v:2452]
INFO: [Synth 8-638] synthesizing module 'generic_baseblocks_v2_1_0_mux_enc__parameterized0' [c:/Xilinx/Vivado/MyProjects/PMOD_WIFI_CLIENT/PMOD_WIFI.srcs/sources_1/bd/design_1/ipshared/f9c1/hdl/generic_baseblocks_v2_1_vl_rfs.v:2452]
INFO: [Synth 8-256] done synthesizing module 'generic_baseblocks_v2_1_0_mux_enc__parameterized0' (7#1) [c:/Xilinx/Vivado/MyProjects/PMOD_WIFI_CLIENT/PMOD_WIFI.srcs/sources_1/bd/design_1/ipshared/f9c1/hdl/generic_baseblocks_v2_1_vl_rfs.v:2452]
INFO: [Synth 8-638] synthesizing module 'generic_baseblocks_v2_1_0_mux_enc__parameterized1' [c:/Xilinx/Vivado/MyProjects/PMOD_WIFI_CLIENT/PMOD_WIFI.srcs/sources_1/bd/design_1/ipshared/f9c1/hdl/generic_baseblocks_v2_1_vl_rfs.v:2452]
INFO: [Synth 8-256] done synthesizing module 'generic_baseblocks_v2_1_0_mux_enc__parameterized1' (7#1) [c:/Xilinx/Vivado/MyProjects/PMOD_WIFI_CLIENT/PMOD_WIFI.srcs/sources_1/bd/design_1/ipshared/f9c1/hdl/generic_baseblocks_v2_1_vl_rfs.v:2452]
INFO: [Synth 8-638] synthesizing module 'axi_register_slice_v2_1_13_axic_register_slice' [c:/Xilinx/Vivado/MyProjects/PMOD_WIFI_CLIENT/PMOD_WIFI.srcs/sources_1/bd/design_1/ipshared/55c0/hdl/axi_register_slice_v2_1_vl_rfs.v:85]
INFO: [Synth 8-256] done synthesizing module 'axi_register_slice_v2_1_13_axic_register_slice' (8#1) [c:/Xilinx/Vivado/MyProjects/PMOD_WIFI_CLIENT/PMOD_WIFI.srcs/sources_1/bd/design_1/ipshared/55c0/hdl/axi_register_slice_v2_1_vl_rfs.v:85]
INFO: [Synth 8-638] synthesizing module 'generic_baseblocks_v2_1_0_mux_enc__parameterized2' [c:/Xilinx/Vivado/MyProjects/PMOD_WIFI_CLIENT/PMOD_WIFI.srcs/sources_1/bd/design_1/ipshared/f9c1/hdl/generic_baseblocks_v2_1_vl_rfs.v:2452]
INFO: [Synth 8-256] done synthesizing module 'generic_baseblocks_v2_1_0_mux_enc__parameterized2' (8#1) [c:/Xilinx/Vivado/MyProjects/PMOD_WIFI_CLIENT/PMOD_WIFI.srcs/sources_1/bd/design_1/ipshared/f9c1/hdl/generic_baseblocks_v2_1_vl_rfs.v:2452]
INFO: [Synth 8-256] done synthesizing module 'axi_crossbar_v2_1_14_crossbar_sasd' (9#1) [c:/Xilinx/Vivado/MyProjects/PMOD_WIFI_CLIENT/PMOD_WIFI.srcs/sources_1/bd/design_1/ipshared/f582/hdl/axi_crossbar_v2_1_vl_rfs.v:1240]
INFO: [Synth 8-256] done synthesizing module 'axi_crossbar_v2_1_14_axi_crossbar' (10#1) [c:/Xilinx/Vivado/MyProjects/PMOD_WIFI_CLIENT/PMOD_WIFI.srcs/sources_1/bd/design_1/ipshared/f582/hdl/axi_crossbar_v2_1_vl_rfs.v:4882]
INFO: [Synth 8-256] done synthesizing module 'design_1_xbar_1' (11#1) [c:/Xilinx/Vivado/MyProjects/PMOD_WIFI_CLIENT/PMOD_WIFI.srcs/sources_1/bd/design_1/ip/design_1_xbar_1/synth/design_1_xbar_1.v:59]
Finished RTL Elaboration : Time (s): cpu = 00:00:18 ; elapsed = 00:00:19 . Memory (MB): peak = 475.320 ; gain = 201.992
Finished RTL Optimization Phase 1 : Time (s): cpu = 00:00:18 ; elapsed = 00:00:19 . Memory (MB): peak = 475.320 ; gain = 201.992
INFO: [Device 21-403] Loading part xc7a100tcsg324-1
Constraint Validation Runtime : Time (s): cpu = 00:00:00 ; elapsed = 00:00:00.311 . Memory (MB): peak = 709.402 ; gain = 0.000
Finished Constraint Validation : Time (s): cpu = 00:00:32 ; elapsed = 00:00:35 . Memory (MB): peak = 709.402 ; gain = 436.074
Finished Loading Part and Timing Information : Time (s): cpu = 00:00:32 ; elapsed = 00:00:35 . Memory (MB): peak = 709.402 ; gain = 436.074
Finished applying 'set_property' XDC Constraints : Time (s): cpu = 00:00:32 ; elapsed = 00:00:35 . Memory (MB): peak = 709.402 ; gain = 436.074
Finished RTL Optimization Phase 2 : Time (s): cpu = 00:00:33 ; elapsed = 00:00:36 . Memory (MB): peak = 709.402 ; gain = 436.074
Finished Cross Boundary and Area Optimization : Time (s): cpu = 00:00:35 ; elapsed = 00:00:38 . Memory (MB): peak = 709.402 ; gain = 436.074
Finished Applying XDC Timing Constraints : Time (s): cpu = 00:00:49 ; elapsed = 00:00:52 . Memory (MB): peak = 709.402 ; gain = 436.074
Finished Timing Optimization : Time (s): cpu = 00:00:51 ; elapsed = 00:00:53 . Memory (MB): peak = 712.949 ; gain = 439.621
Finished Technology Mapping : Time (s): cpu = 00:00:51 ; elapsed = 00:00:54 . Memory (MB): peak = 712.949 ; gain = 439.621
Finished IO Insertion : Time (s): cpu = 00:00:52 ; elapsed = 00:00:55 . Memory (MB): peak = 712.949 ; gain = 439.621
Finished Renaming Generated Instances : Time (s): cpu = 00:00:52 ; elapsed = 00:00:55 . Memory (MB): peak = 712.949 ; gain = 439.621
Finished Rebuilding User Hierarchy : Time (s): cpu = 00:00:52 ; elapsed = 00:00:55 . Memory (MB): peak = 712.949 ; gain = 439.621
Finished Renaming Generated Ports : Time (s): cpu = 00:00:52 ; elapsed = 00:00:55 . Memory (MB): peak = 712.949 ; gain = 439.621
Finished Handling Custom Attributes : Time (s): cpu = 00:00:52 ; elapsed = 00:00:55 . Memory (MB): peak = 712.949 ; gain = 439.621
Finished Renaming Generated Nets : Time (s): cpu = 00:00:52 ; elapsed = 00:00:55 . Memory (MB): peak = 712.949 ; gain = 439.621

Report Cell Usage: 
+------+------+------+
|      |Cell  |Count |
+------+------+------+
|1     |LUT1  |     2|
|2     |LUT2  |    20|
|3     |LUT3  |    50|
|4     |LUT4  |    68|
|5     |LUT5  |    56|
|6     |LUT6  |   165|
|7     |MUXF7 |    15|
|8     |MUXF8 |     1|
|9     |FDRE  |   139|
+------+------+------+
Finished Writing Synthesis Report : Time (s): cpu = 00:00:52 ; elapsed = 00:00:55 . Memory (MB): peak = 712.949 ; gain = 439.621
synth_design: Time (s): cpu = 00:00:54 ; elapsed = 00:00:58 . Memory (MB): peak = 712.949 ; gain = 443.129
